<?xml version="1.0" encoding="UTF-8"?>
<testsuite xmlns:xsi="http://www.w3.org/2001/XMLSchema-instance" xsi:noNamespaceSchemaLocation="https://maven.apache.org/surefire/maven-surefire-plugin/xsd/surefire-test-report-3.0.xsd" version="3.0" name="com.example.petclinicdemo.PetclinicDemoApplicationTests" time="5.321" tests="1" errors="0" skipped="0" failures="0">
  <properties>
[...]
</properties>
  <testcase name="contextLoads" classname="com.example.petclinicdemo.PetclinicDemoApplicationTests" time="0.495">
    <system-out><![CDATA[07:22:58.267 [main] INFO org.springframework.test.context.support.AnnotationConfigContextLoaderUtils -- Could not detect default configuration classes for test class [com.example.petclinicdemo.PetclinicDemoApplicationTests]: PetclinicDemoApplicationTests does not declare any static, non-private, non-final, nested classes annotated with @Configuration.
07:22:58.381 [main] INFO org.springframework.boot.test.context.SpringBootTestContextBootstrapper -- Found @SpringBootConfiguration com.example.petclinicdemo.PetclinicDemoApplication for test class com.example.petclinicdemo.PetclinicDemoApplicationTests

  .   ____          _            __ _ _
 /\\ / ___'_ __ _ _(_)_ __  __ _ \ \ \ \
( ( )\___ | '_ | '_| | '_ \/ _` | \ \ \ \
 \\/  ___)| |_)| | | | | || (_| |  ) ) ) )
  '  |____| .__|_| |_|_| |_\__, | / / / /
 =========|_|==============|___/=/_/_/_/
 :: Spring Boot ::                (v3.1.3)

2023-09-15T07:22:58.896+02:00  INFO 21972 --- [           main] c.e.p.PetclinicDemoApplicationTests      : Starting PetclinicDemoApplicationTests using Java 17.0.8.1 with PID 21972 (started by roder in C:\Dev\backend\spring\tutorial\start\petclinic-demo)
2023-09-15T07:22:58.899+02:00  INFO 21972 --- [           main] c.e.p.PetclinicDemoApplicationTests      : No active profile set, falling back to 1 default profile: "default"
2023-09-15T07:22:59.726+02:00  INFO 21972 --- [           main] .s.d.r.c.RepositoryConfigurationDelegate : Bootstrapping Spring Data JPA repositories in DEFAULT mode.
2023-09-15T07:22:59.829+02:00  INFO 21972 --- [           main] .s.d.r.c.RepositoryConfigurationDelegate : Finished Spring Data repository scanning in 73 ms. Found 1 JPA repository interfaces.
2023-09-15T07:23:00.334+02:00  INFO 21972 --- [           main] o.hibernate.jpa.internal.util.LogHelper  : HHH000204: Processing PersistenceUnitInfo [name: default]
2023-09-15T07:23:00.395+02:00  INFO 21972 --- [           main] org.hibernate.Version                    : HHH000412: Hibernate ORM core version 6.2.7.Final
2023-09-15T07:23:00.398+02:00  INFO 21972 --- [           main] org.hibernate.cfg.Environment            : HHH000406: Using bytecode reflection optimizer
2023-09-15T07:23:00.672+02:00  INFO 21972 --- [           main] o.h.b.i.BytecodeProviderInitiator        : HHH000021: Bytecode provider name : bytebuddy
2023-09-15T07:23:00.827+02:00  INFO 21972 --- [           main] o.s.o.j.p.SpringPersistenceUnitInfo      : No LoadTimeWeaver setup: ignoring JPA class transformer
2023-09-15T07:23:00.843+02:00  INFO 21972 --- [           main] com.zaxxer.hikari.HikariDataSource       : HikariPool-1 - Starting...
2023-09-15T07:23:01.068+02:00  INFO 21972 --- [           main] com.zaxxer.hikari.pool.HikariPool        : HikariPool-1 - Added connection conn0: url=jdbc:h2:mem:testdb user=SA
2023-09-15T07:23:01.070+02:00  INFO 21972 --- [           main] com.zaxxer.hikari.HikariDataSource       : HikariPool-1 - Start completed.
2023-09-15T07:23:01.327+02:00  INFO 21972 --- [           main] o.h.b.i.BytecodeProviderInitiator        : HHH000021: Bytecode provider name : bytebuddy
2023-09-15T07:23:01.958+02:00  INFO 21972 --- [           main] o.h.e.t.j.p.i.JtaPlatformInitiator       : HHH000490: Using JtaPlatform implementation: [org.hibernate.engine.transaction.jta.platform.internal.NoJtaPlatform]
Hibernate: 
    drop table if exists customer cascade 
Hibernate: 
    create table customer (
        id bigint generated by default as identity,
        adress varchar(255) not null,
        city varchar(255) not null,
        name varchar(255) not null,
        pet varchar(255) not null,
        phone varchar(255) not null,
        primary key (id)
    )
2023-09-15T07:23:01.994+02:00  INFO 21972 --- [           main] j.LocalContainerEntityManagerFactoryBean : Initialized JPA EntityManagerFactory for persistence unit 'default'
2023-09-15T07:23:02.492+02:00  WARN 21972 --- [           main] JpaBaseConfiguration$JpaWebConfiguration : spring.jpa.open-in-view is enabled by default. Therefore, database queries may be performed during view rendering. Explicitly configure spring.jpa.open-in-view to disable this warning
2023-09-15T07:23:02.903+02:00  INFO 21972 --- [           main] c.e.p.PetclinicDemoApplicationTests      : Started PetclinicDemoApplicationTests in 4.315 seconds (process running for 5.391)
]]></system-out>
  </testcase>
</testsuite>